[debug] [2023-03-17T20:20:40.603Z] ----------------------------------------------------------------------
[debug] [2023-03-17T20:20:40.605Z] Command:       C:\Program Files\nodejs\node.exe C:\Users\alqui\AppData\Roaming\npm\node_modules\firebase-tools\lib\bin\firebase.js init
[debug] [2023-03-17T20:20:40.605Z] CLI Version:   11.24.1
[debug] [2023-03-17T20:20:40.605Z] Platform:      win32
[debug] [2023-03-17T20:20:40.605Z] Node Version:  v18.14.1
[debug] [2023-03-17T20:20:40.606Z] Time:          Fri Mar 17 2023 15:20:40 GMT-0500 (Colombia Standard Time)
[debug] [2023-03-17T20:20:40.606Z] ----------------------------------------------------------------------
[debug] 
[debug] [2023-03-17T20:20:40.611Z] > command requires scopes: ["email","openid","https://www.googleapis.com/auth/cloudplatformprojects.readonly","https://www.googleapis.com/auth/firebase","https://www.googleapis.com/auth/cloud-platform"]
[debug] [2023-03-17T20:20:40.612Z] > authorizing via signed-in user (bernardoalquinga1996@gmail.com)
[info] 
     ######## #### ########  ######## ########     ###     ######  ########
     ##        ##  ##     ## ##       ##     ##  ##   ##  ##       ##
     ######    ##  ########  ######   ########  #########  ######  ######
     ##        ##  ##    ##  ##       ##     ## ##     ##       ## ##
     ##       #### ##     ## ######## ########  ##     ##  ######  ########

You're about to initialize a Firebase project in this directory:

  C:\Users\alqui\Documents\GitHub\Gitkraken\alquinga-chuquimarca-jefferson-gilberto-web\ProyectoFinal

[info] 
=== Project Setup
[info] 
[info] First, let's associate this project directory with a Firebase project.
[info] You can create multiple project aliases by running firebase use --add, 
[info] but for now we'll just set up a default project.
[info] 
[debug] [2023-03-17T20:20:59.701Z] > refreshing access token with scopes: []
[debug] [2023-03-17T20:20:59.702Z] >>> [apiv2][query] POST https://www.googleapis.com/oauth2/v3/token [none]
[debug] [2023-03-17T20:20:59.703Z] >>> [apiv2][body] POST https://www.googleapis.com/oauth2/v3/token [omitted]
[debug] [2023-03-17T20:20:59.942Z] <<< [apiv2][status] POST https://www.googleapis.com/oauth2/v3/token 200
[debug] [2023-03-17T20:20:59.942Z] <<< [apiv2][body] POST https://www.googleapis.com/oauth2/v3/token [omitted]
[debug] [2023-03-17T20:20:59.954Z] >>> [apiv2][query] GET https://firebase.googleapis.com/v1beta1/projects pageSize=100
[debug] [2023-03-17T20:21:00.381Z] <<< [apiv2][status] GET https://firebase.googleapis.com/v1beta1/projects 200
[debug] [2023-03-17T20:21:00.381Z] <<< [apiv2][body] GET https://firebase.googleapis.com/v1beta1/projects [omitted]
[info] i  Using project uberclone-f8601 (UberClone) 
[info] 
=== Database Setup
[info] i  database: ensuring required API firebasedatabase.googleapis.com is enabled... 
[debug] [2023-03-17T20:21:01.906Z] >>> [apiv2][query] GET https://serviceusage.googleapis.com/v1/projects/uberclone-f8601/services/firebasedatabase.googleapis.com [none]
[debug] [2023-03-17T20:21:01.906Z] >>> [apiv2][(partial)header] GET https://serviceusage.googleapis.com/v1/projects/uberclone-f8601/services/firebasedatabase.googleapis.com x-goog-quota-user=projects/uberclone-f8601
[debug] [2023-03-17T20:21:02.653Z] <<< [apiv2][status] GET https://serviceusage.googleapis.com/v1/projects/uberclone-f8601/services/firebasedatabase.googleapis.com 200
[debug] [2023-03-17T20:21:02.653Z] <<< [apiv2][body] GET https://serviceusage.googleapis.com/v1/projects/uberclone-f8601/services/firebasedatabase.googleapis.com [omitted]
[info] +  database: required API firebasedatabase.googleapis.com is enabled 
[info] 
[debug] [2023-03-17T20:21:02.654Z] >>> [apiv2][query] GET https://firebasedatabase.googleapis.com/v1beta/projects/uberclone-f8601/locations/-/instances/uberclone-f8601-default-rtdb [none]
[debug] [2023-03-17T20:21:03.126Z] <<< [apiv2][status] GET https://firebasedatabase.googleapis.com/v1beta/projects/uberclone-f8601/locations/-/instances/uberclone-f8601-default-rtdb 200
[debug] [2023-03-17T20:21:03.127Z] <<< [apiv2][body] GET https://firebasedatabase.googleapis.com/v1beta/projects/uberclone-f8601/locations/-/instances/uberclone-f8601-default-rtdb {"name":"projects/978394465920/locations/us-central1/instances/uberclone-f8601-default-rtdb","project":"projects/978394465920","databaseUrl":"https://uberclone-f8601-default-rtdb.firebaseio.com","type":"DEFAULT_DATABASE","state":"ACTIVE"}
[info] 
[info] Firebase Realtime Database Security Rules allow you to define how your data should be
[info] structured and when your data can be read from and written to.
[info] 
